Compiling the CXX compiler identification source file "CMakeCXXCompilerId.cpp" failed.
Compiler: /Applications/Xcode.app/Contents/Developer/Toolchains/XcodeDefault.xctoolchain/usr/bin/c++ 
Build flags: 
Id flags:  

The output was:
1
ld: library not found for -lc++
clang: error: linker command failed with exit code 1 (use -v to see invocation)


Compiling the C compiler identification source file "CMakeCCompilerId.c" failed.
Compiler: /Applications/Xcode.app/Contents/Developer/Toolchains/XcodeDefault.xctoolchain/usr/bin/cc 
Build flags: 
Id flags:  

The output was:
1
ld: library not found for -lSystem
clang: error: linker command failed with exit code 1 (use -v to see invocation)


Compilation failed:
    source file: '/Users/gabrielclark/Documents/projects/SLAM-Research/ORB_SLAM2-master/cmake_modules/opencv-3.3.1/cmake/checks/cxx11.cpp'
    check option: ''
===== BUILD LOG =====
Change Dir: /Users/gabrielclark/Documents/projects/SLAM-Research/ORB_SLAM2-master/cmake_modules/opencv-build/CMakeFiles/CMakeTmp

Run Build Command(s):/usr/bin/make -f Makefile cmTC_f959e/fast && /Applications/Xcode.app/Contents/Developer/usr/bin/make  -f CMakeFiles/cmTC_f959e.dir/build.make CMakeFiles/cmTC_f959e.dir/build
Building CXX object CMakeFiles/cmTC_f959e.dir/cxx11.cpp.o
/Applications/Xcode.app/Contents/Developer/Toolchains/XcodeDefault.xctoolchain/usr/bin/c++   -arch arm64 -isysroot /Applications/Xcode.app/Contents/Developer/Platforms/MacOSX.platform/Developer/SDKs/MacOSX12.3.sdk -MD -MT CMakeFiles/cmTC_f959e.dir/cxx11.cpp.o -MF CMakeFiles/cmTC_f959e.dir/cxx11.cpp.o.d -o CMakeFiles/cmTC_f959e.dir/cxx11.cpp.o -c /Users/gabrielclark/Documents/projects/SLAM-Research/ORB_SLAM2-master/cmake_modules/opencv-3.3.1/cmake/checks/cxx11.cpp
/Users/gabrielclark/Documents/projects/SLAM-Research/ORB_SLAM2-master/cmake_modules/opencv-3.3.1/cmake/checks/cxx11.cpp:4:2: error: "C++11 is not supported"
#error "C++11 is not supported"
 ^
/Users/gabrielclark/Documents/projects/SLAM-Research/ORB_SLAM2-master/cmake_modules/opencv-3.3.1/cmake/checks/cxx11.cpp:11:5: warning: 'auto' type specifier is a C++11 extension [-Wc++11-extensions]
    auto res = test();
    ^
1 warning and 1 error generated.
make[1]: *** [CMakeFiles/cmTC_f959e.dir/cxx11.cpp.o] Error 1
make: *** [cmTC_f959e/fast] Error 2


===== END =====

Compilation failed:
    source file: '/Users/gabrielclark/Documents/projects/SLAM-Research/ORB_SLAM2-master/cmake_modules/opencv-build/CMakeFiles/CMakeTmp/src.cxx'
    check option: ' -fsigned-char -W -Wall -Werror=return-type -Werror=non-virtual-dtor -Werror=address -Werror=sequence-point -Wformat -Werror=format-security -Wmissing-declarations -Wmissing-prototypes -Wstrict-prototypes -Wundef -Winit-self -Wpointer-arith -Wshadow -Wsign-promo -Wuninitialized -Winit-self -Wno-narrowing -Wno-delete-non-virtual-dtor -Wno-unnamed-type-template-args -Wno-comment -Wno-implicit-fallthrough -fdiagnostics-show-option -Qunused-arguments -Wno-semicolon-before-method-body -fno-omit-frame-pointer -ffunction-sections   -mfp16-format=ieee'
===== BUILD LOG =====
Change Dir: /Users/gabrielclark/Documents/projects/SLAM-Research/ORB_SLAM2-master/cmake_modules/opencv-build/CMakeFiles/CMakeTmp

Run Build Command(s):/usr/bin/make -f Makefile cmTC_a0ae9/fast && /Applications/Xcode.app/Contents/Developer/usr/bin/make  -f CMakeFiles/cmTC_a0ae9.dir/build.make CMakeFiles/cmTC_a0ae9.dir/build
Building CXX object CMakeFiles/cmTC_a0ae9.dir/src.cxx.o
/Applications/Xcode.app/Contents/Developer/Toolchains/XcodeDefault.xctoolchain/usr/bin/c++   -O3 -DNDEBUG -arch arm64 -isysroot /Applications/Xcode.app/Contents/Developer/Platforms/MacOSX.platform/Developer/SDKs/MacOSX12.3.sdk    -fsigned-char -W -Wall -Werror=return-type -Werror=non-virtual-dtor -Werror=address -Werror=sequence-point -Wformat -Werror=format-security -Wmissing-declarations -Wmissing-prototypes -Wstrict-prototypes -Wundef -Winit-self -Wpointer-arith -Wshadow -Wsign-promo -Wuninitialized -Winit-self -Wno-narrowing -Wno-delete-non-virtual-dtor -Wno-unnamed-type-template-args -Wno-comment -Wno-implicit-fallthrough -fdiagnostics-show-option -Qunused-arguments -Wno-semicolon-before-method-body -fno-omit-frame-pointer -ffunction-sections   -mfp16-format=ieee -MD -MT CMakeFiles/cmTC_a0ae9.dir/src.cxx.o -MF CMakeFiles/cmTC_a0ae9.dir/src.cxx.o.d -o CMakeFiles/cmTC_a0ae9.dir/src.cxx.o -c /Users/gabrielclark/Documents/projects/SLAM-Research/ORB_SLAM2-master/cmake_modules/opencv-build/CMakeFiles/CMakeTmp/src.cxx
clang: error: unknown argument: '-mfp16-format=ieee'
make[1]: *** [CMakeFiles/cmTC_a0ae9.dir/src.cxx.o] Error 1
make: *** [cmTC_a0ae9/fast] Error 2


===== END =====

Compilation failed:
    source file: '/Users/gabrielclark/Documents/projects/SLAM-Research/ORB_SLAM2-master/cmake_modules/opencv-build/CMakeFiles/CMakeTmp/src.c'
    check option: ' -fsigned-char -W -Wall -Werror=return-type -Werror=non-virtual-dtor -Werror=address -Werror=sequence-point -Wformat -Werror=format-security -Wmissing-declarations -Wmissing-prototypes -Wstrict-prototypes -Wundef -Winit-self -Wpointer-arith -Wshadow -Wsign-promo -Wuninitialized -Winit-self -Wno-narrowing -Wno-delete-non-virtual-dtor -Wno-unnamed-type-template-args -Wno-comment -Wno-implicit-fallthrough -fdiagnostics-show-option -Qunused-arguments -Wno-semicolon-before-method-body -fno-omit-frame-pointer -ffunction-sections   -mfp16-format=ieee'
===== BUILD LOG =====
Change Dir: /Users/gabrielclark/Documents/projects/SLAM-Research/ORB_SLAM2-master/cmake_modules/opencv-build/CMakeFiles/CMakeTmp

Run Build Command(s):/usr/bin/make -f Makefile cmTC_4e19a/fast && /Applications/Xcode.app/Contents/Developer/usr/bin/make  -f CMakeFiles/cmTC_4e19a.dir/build.make CMakeFiles/cmTC_4e19a.dir/build
Building C object CMakeFiles/cmTC_4e19a.dir/src.c.o
/Applications/Xcode.app/Contents/Developer/Toolchains/XcodeDefault.xctoolchain/usr/bin/cc   -O3 -DNDEBUG -arch arm64 -isysroot /Applications/Xcode.app/Contents/Developer/Platforms/MacOSX.platform/Developer/SDKs/MacOSX12.3.sdk    -fsigned-char -W -Wall -Werror=return-type -Werror=non-virtual-dtor -Werror=address -Werror=sequence-point -Wformat -Werror=format-security -Wmissing-declarations -Wmissing-prototypes -Wstrict-prototypes -Wundef -Winit-self -Wpointer-arith -Wshadow -Wsign-promo -Wuninitialized -Winit-self -Wno-narrowing -Wno-delete-non-virtual-dtor -Wno-unnamed-type-template-args -Wno-comment -Wno-implicit-fallthrough -fdiagnostics-show-option -Qunused-arguments -Wno-semicolon-before-method-body -fno-omit-frame-pointer -ffunction-sections   -mfp16-format=ieee -MD -MT CMakeFiles/cmTC_4e19a.dir/src.c.o -MF CMakeFiles/cmTC_4e19a.dir/src.c.o.d -o CMakeFiles/cmTC_4e19a.dir/src.c.o -c /Users/gabrielclark/Documents/projects/SLAM-Research/ORB_SLAM2-master/cmake_modules/opencv-build/CMakeFiles/CMakeTmp/src.c
clang: error: unknown argument: '-mfp16-format=ieee'
make[1]: *** [CMakeFiles/cmTC_4e19a.dir/src.c.o] Error 1
make: *** [cmTC_4e19a/fast] Error 2


===== END =====

Determining if the include file malloc.h exists failed with the following output:
Change Dir: /Users/gabrielclark/Documents/projects/SLAM-Research/ORB_SLAM2-master/cmake_modules/opencv-build/CMakeFiles/CMakeTmp

Run Build Command(s):/usr/bin/make -f Makefile cmTC_ed24a/fast && /Applications/Xcode.app/Contents/Developer/usr/bin/make  -f CMakeFiles/cmTC_ed24a.dir/build.make CMakeFiles/cmTC_ed24a.dir/build
Building C object CMakeFiles/cmTC_ed24a.dir/CheckIncludeFile.c.o
/Applications/Xcode.app/Contents/Developer/Toolchains/XcodeDefault.xctoolchain/usr/bin/cc   -fsigned-char -W -Wall -Werror=return-type -Werror=non-virtual-dtor -Werror=address -Werror=sequence-point -Wformat -Werror=format-security -Wmissing-declarations -Wmissing-prototypes -Wstrict-prototypes -Wundef -Winit-self -Wpointer-arith -Wshadow -Wsign-promo -Wuninitialized -Winit-self -Wno-narrowing -Wno-delete-non-virtual-dtor -Wno-unnamed-type-template-args -Wno-comment -Wno-implicit-fallthrough -fdiagnostics-show-option -Qunused-arguments -Wno-semicolon-before-method-body -fno-omit-frame-pointer -ffunction-sections  -fvisibility=hidden -fvisibility-inlines-hidden  -O3 -DNDEBUG -arch arm64 -isysroot /Applications/Xcode.app/Contents/Developer/Platforms/MacOSX.platform/Developer/SDKs/MacOSX12.3.sdk -MD -MT CMakeFiles/cmTC_ed24a.dir/CheckIncludeFile.c.o -MF CMakeFiles/cmTC_ed24a.dir/CheckIncludeFile.c.o.d -o CMakeFiles/cmTC_ed24a.dir/CheckIncludeFile.c.o -c /Users/gabrielclark/Documents/projects/SLAM-Research/ORB_SLAM2-master/cmake_modules/opencv-build/CMakeFiles/CMakeTmp/CheckIncludeFile.c
/Users/gabrielclark/Documents/projects/SLAM-Research/ORB_SLAM2-master/cmake_modules/opencv-build/CMakeFiles/CMakeTmp/CheckIncludeFile.c:1:10: fatal error: 'malloc.h' file not found
#include <malloc.h>
         ^~~~~~~~~~
1 error generated.
make[1]: *** [CMakeFiles/cmTC_ed24a.dir/CheckIncludeFile.c.o] Error 1
make: *** [cmTC_ed24a/fast] Error 2



Determining size of off64_t failed with the following output:
Change Dir: /Users/gabrielclark/Documents/projects/SLAM-Research/ORB_SLAM2-master/cmake_modules/opencv-build/CMakeFiles/CMakeTmp

Run Build Command(s):/usr/bin/make -f Makefile cmTC_31a70/fast && /Applications/Xcode.app/Contents/Developer/usr/bin/make  -f CMakeFiles/cmTC_31a70.dir/build.make CMakeFiles/cmTC_31a70.dir/build
Building C object CMakeFiles/cmTC_31a70.dir/OFF64_T.c.o
/Applications/Xcode.app/Contents/Developer/Toolchains/XcodeDefault.xctoolchain/usr/bin/cc   -fsigned-char -W -Wall -Werror=return-type -Werror=non-virtual-dtor -Werror=address -Werror=sequence-point -Wformat -Werror=format-security -Wmissing-declarations -Wmissing-prototypes -Wstrict-prototypes -Wundef -Winit-self -Wpointer-arith -Wshadow -Wsign-promo -Wuninitialized -Winit-self -Wno-narrowing -Wno-delete-non-virtual-dtor -Wno-unnamed-type-template-args -Wno-comment -Wno-implicit-fallthrough -fdiagnostics-show-option -Qunused-arguments -Wno-semicolon-before-method-body -fno-omit-frame-pointer -ffunction-sections  -fvisibility=hidden -fvisibility-inlines-hidden  -O3 -DNDEBUG -arch arm64 -isysroot /Applications/Xcode.app/Contents/Developer/Platforms/MacOSX.platform/Developer/SDKs/MacOSX12.3.sdk -MD -MT CMakeFiles/cmTC_31a70.dir/OFF64_T.c.o -MF CMakeFiles/cmTC_31a70.dir/OFF64_T.c.o.d -o CMakeFiles/cmTC_31a70.dir/OFF64_T.c.o -c /Users/gabrielclark/Documents/projects/SLAM-Research/ORB_SLAM2-master/cmake_modules/opencv-build/CMakeFiles/CheckTypeSize/OFF64_T.c
/Users/gabrielclark/Documents/projects/SLAM-Research/ORB_SLAM2-master/cmake_modules/opencv-build/CMakeFiles/CheckTypeSize/OFF64_T.c:29:12: error: use of undeclared identifier 'off64_t'
  ('0' + ((SIZE / 10000)%10)),
           ^
/Users/gabrielclark/Documents/projects/SLAM-Research/ORB_SLAM2-master/cmake_modules/opencv-build/CMakeFiles/CheckTypeSize/OFF64_T.c:27:22: note: expanded from macro 'SIZE'
#define SIZE (sizeof(off64_t))
                     ^
/Users/gabrielclark/Documents/projects/SLAM-Research/ORB_SLAM2-master/cmake_modules/opencv-build/CMakeFiles/CheckTypeSize/OFF64_T.c:30:12: error: use of undeclared identifier 'off64_t'
  ('0' + ((SIZE / 1000)%10)),
           ^
/Users/gabrielclark/Documents/projects/SLAM-Research/ORB_SLAM2-master/cmake_modules/opencv-build/CMakeFiles/CheckTypeSize/OFF64_T.c:27:22: note: expanded from macro 'SIZE'
#define SIZE (sizeof(off64_t))
                     ^
/Users/gabrielclark/Documents/projects/SLAM-Research/ORB_SLAM2-master/cmake_modules/opencv-build/CMakeFiles/CheckTypeSize/OFF64_T.c:31:12: error: use of undeclared identifier 'off64_t'
  ('0' + ((SIZE / 100)%10)),
           ^
/Users/gabrielclark/Documents/projects/SLAM-Research/ORB_SLAM2-master/cmake_modules/opencv-build/CMakeFiles/CheckTypeSize/OFF64_T.c:27:22: note: expanded from macro 'SIZE'
#define SIZE (sizeof(off64_t))
                     ^
/Users/gabrielclark/Documents/projects/SLAM-Research/ORB_SLAM2-master/cmake_modules/opencv-build/CMakeFiles/CheckTypeSize/OFF64_T.c:32:12: error: use of undeclared identifier 'off64_t'
  ('0' + ((SIZE / 10)%10)),
           ^
/Users/gabrielclark/Documents/projects/SLAM-Research/ORB_SLAM2-master/cmake_modules/opencv-build/CMakeFiles/CheckTypeSize/OFF64_T.c:27:22: note: expanded from macro 'SIZE'
#define SIZE (sizeof(off64_t))
                     ^
/Users/gabrielclark/Documents/projects/SLAM-Research/ORB_SLAM2-master/cmake_modules/opencv-build/CMakeFiles/CheckTypeSize/OFF64_T.c:33:12: error: use of undeclared identifier 'off64_t'
  ('0' +  (SIZE    % 10)),
           ^
/Users/gabrielclark/Documents/projects/SLAM-Research/ORB_SLAM2-master/cmake_modules/opencv-build/CMakeFiles/CheckTypeSize/OFF64_T.c:27:22: note: expanded from macro 'SIZE'
#define SIZE (sizeof(off64_t))
                     ^
5 errors generated.
make[1]: *** [CMakeFiles/cmTC_31a70.dir/OFF64_T.c.o] Error 1
make: *** [cmTC_31a70/fast] Error 2


/Users/gabrielclark/Documents/projects/SLAM-Research/ORB_SLAM2-master/cmake_modules/opencv-build/CMakeFiles/CheckTypeSize/OFF64_T.c:
#include <sys/types.h>
#include <stdint.h>
#include <stddef.h>


#undef KEY
#if defined(__i386)
# define KEY '_','_','i','3','8','6'
#elif defined(__x86_64)
# define KEY '_','_','x','8','6','_','6','4'
#elif defined(__PPC64__)
# define KEY '_','_','P','P','C','6','4','_','_'
#elif defined(__ppc64__)
# define KEY '_','_','p','p','c','6','4','_','_'
#elif defined(__PPC__)
# define KEY '_','_','P','P','C','_','_'
#elif defined(__ppc__)
# define KEY '_','_','p','p','c','_','_'
#elif defined(__aarch64__)
# define KEY '_','_','a','a','r','c','h','6','4','_','_'
#elif defined(__ARM_ARCH_7A__)
# define KEY '_','_','A','R','M','_','A','R','C','H','_','7','A','_','_'
#elif defined(__ARM_ARCH_7S__)
# define KEY '_','_','A','R','M','_','A','R','C','H','_','7','S','_','_'
#endif

#define SIZE (sizeof(off64_t))
static char info_size[] =  {'I', 'N', 'F', 'O', ':', 's','i','z','e','[',
  ('0' + ((SIZE / 10000)%10)),
  ('0' + ((SIZE / 1000)%10)),
  ('0' + ((SIZE / 100)%10)),
  ('0' + ((SIZE / 10)%10)),
  ('0' +  (SIZE    % 10)),
  ']',
#ifdef KEY
  ' ','k','e','y','[', KEY, ']',
#endif
  '\0'};

#ifdef __CLASSIC_C__
int main(argc, argv) int argc; char *argv[];
#else
int main(int argc, char *argv[])
#endif
{
  int require = 0;
  require += info_size[argc];
  (void)argv;
  return require;
}


Determining if the include file io.h exists failed with the following output:
Change Dir: /Users/gabrielclark/Documents/projects/SLAM-Research/ORB_SLAM2-master/cmake_modules/opencv-build/CMakeFiles/CMakeTmp

Run Build Command(s):/usr/bin/make -f Makefile cmTC_4fb12/fast && /Applications/Xcode.app/Contents/Developer/usr/bin/make  -f CMakeFiles/cmTC_4fb12.dir/build.make CMakeFiles/cmTC_4fb12.dir/build
Building C object CMakeFiles/cmTC_4fb12.dir/CheckIncludeFile.c.o
/Applications/Xcode.app/Contents/Developer/Toolchains/XcodeDefault.xctoolchain/usr/bin/cc   -fsigned-char -W -Wall -Werror=return-type -Werror=non-virtual-dtor -Werror=address -Werror=sequence-point -Wformat -Werror=format-security -Wmissing-declarations -Wmissing-prototypes -Wstrict-prototypes -Wundef -Winit-self -Wpointer-arith -Wshadow -Wsign-promo -Wuninitialized -Winit-self -Wno-narrowing -Wno-delete-non-virtual-dtor -Wno-unnamed-type-template-args -Wno-comment -Wno-implicit-fallthrough -fdiagnostics-show-option -Qunused-arguments -Wno-semicolon-before-method-body -fno-omit-frame-pointer -ffunction-sections  -fvisibility=hidden -fvisibility-inlines-hidden  -O3 -DNDEBUG -arch arm64 -isysroot /Applications/Xcode.app/Contents/Developer/Platforms/MacOSX.platform/Developer/SDKs/MacOSX12.3.sdk -MD -MT CMakeFiles/cmTC_4fb12.dir/CheckIncludeFile.c.o -MF CMakeFiles/cmTC_4fb12.dir/CheckIncludeFile.c.o.d -o CMakeFiles/cmTC_4fb12.dir/CheckIncludeFile.c.o -c /Users/gabrielclark/Documents/projects/SLAM-Research/ORB_SLAM2-master/cmake_modules/opencv-build/CMakeFiles/CMakeTmp/CheckIncludeFile.c
/Users/gabrielclark/Documents/projects/SLAM-Research/ORB_SLAM2-master/cmake_modules/opencv-build/CMakeFiles/CMakeTmp/CheckIncludeFile.c:1:10: fatal error: 'io.h' file not found
#include <io.h>
         ^~~~~~
1 error generated.
make[1]: *** [CMakeFiles/cmTC_4fb12.dir/CheckIncludeFile.c.o] Error 1
make: *** [cmTC_4fb12/fast] Error 2



Determining if the function jbg_newlen exists failed with the following output:
Change Dir: /Users/gabrielclark/Documents/projects/SLAM-Research/ORB_SLAM2-master/cmake_modules/opencv-build/CMakeFiles/CMakeTmp

Run Build Command(s):/usr/bin/make -f Makefile cmTC_13f88/fast && /Applications/Xcode.app/Contents/Developer/usr/bin/make  -f CMakeFiles/cmTC_13f88.dir/build.make CMakeFiles/cmTC_13f88.dir/build
Building C object CMakeFiles/cmTC_13f88.dir/CheckFunctionExists.c.o
/Applications/Xcode.app/Contents/Developer/Toolchains/XcodeDefault.xctoolchain/usr/bin/cc   -fsigned-char -W -Wall -Werror=return-type -Werror=non-virtual-dtor -Werror=address -Werror=sequence-point -Wformat -Werror=format-security -Wmissing-declarations -Wmissing-prototypes -Wstrict-prototypes -Wundef -Winit-self -Wpointer-arith -Wshadow -Wsign-promo -Wuninitialized -Winit-self -Wno-narrowing -Wno-delete-non-virtual-dtor -Wno-unnamed-type-template-args -Wno-comment -Wno-implicit-fallthrough -fdiagnostics-show-option -Qunused-arguments -Wno-semicolon-before-method-body -fno-omit-frame-pointer -ffunction-sections  -fvisibility=hidden -fvisibility-inlines-hidden -DCHECK_FUNCTION_EXISTS=jbg_newlen -O3 -DNDEBUG -arch arm64 -isysroot /Applications/Xcode.app/Contents/Developer/Platforms/MacOSX.platform/Developer/SDKs/MacOSX12.3.sdk -MD -MT CMakeFiles/cmTC_13f88.dir/CheckFunctionExists.c.o -MF CMakeFiles/cmTC_13f88.dir/CheckFunctionExists.c.o.d -o CMakeFiles/cmTC_13f88.dir/CheckFunctionExists.c.o -c /Applications/CMake.app/Contents/share/cmake-3.23/Modules/CheckFunctionExists.c
Linking C executable cmTC_13f88
/Applications/CMake.app/Contents/bin/cmake -E cmake_link_script CMakeFiles/cmTC_13f88.dir/link.txt --verbose=1
/Applications/Xcode.app/Contents/Developer/Toolchains/XcodeDefault.xctoolchain/usr/bin/cc    -fsigned-char -W -Wall -Werror=return-type -Werror=non-virtual-dtor -Werror=address -Werror=sequence-point -Wformat -Werror=format-security -Wmissing-declarations -Wmissing-prototypes -Wstrict-prototypes -Wundef -Winit-self -Wpointer-arith -Wshadow -Wsign-promo -Wuninitialized -Winit-self -Wno-narrowing -Wno-delete-non-virtual-dtor -Wno-unnamed-type-template-args -Wno-comment -Wno-implicit-fallthrough -fdiagnostics-show-option -Qunused-arguments -Wno-semicolon-before-method-body -fno-omit-frame-pointer -ffunction-sections  -fvisibility=hidden -fvisibility-inlines-hidden -DCHECK_FUNCTION_EXISTS=jbg_newlen -O3 -DNDEBUG -arch arm64 -isysroot /Applications/Xcode.app/Contents/Developer/Platforms/MacOSX.platform/Developer/SDKs/MacOSX12.3.sdk -Wl,-search_paths_first -Wl,-headerpad_max_install_names CMakeFiles/cmTC_13f88.dir/CheckFunctionExists.c.o -o cmTC_13f88 
Undefined symbols for architecture arm64:
  "_jbg_newlen", referenced from:
      _main in CheckFunctionExists.c.o
ld: symbol(s) not found for architecture arm64
clang: error: linker command failed with exit code 1 (use -v to see invocation)
make[1]: *** [cmTC_13f88] Error 1
make: *** [cmTC_13f88/fast] Error 2



Build output check failed:
    Regex: 'unknown .*option'
    Output line: 'warning: unknown warning option '-Wno-maybe-uninitialized', did you mean '-Wno-uninitialized'? [-Wunknown-warning-option]'
Compilation failed:
    source file: '/Users/gabrielclark/Documents/projects/SLAM-Research/ORB_SLAM2-master/cmake_modules/opencv-build/CMakeFiles/CMakeTmp/src.c'
    check option: ' -Wno-maybe-uninitialized'
===== BUILD LOG =====
Change Dir: /Users/gabrielclark/Documents/projects/SLAM-Research/ORB_SLAM2-master/cmake_modules/opencv-build/CMakeFiles/CMakeTmp

Run Build Command(s):/usr/bin/make -f Makefile cmTC_c2dc5/fast && /Applications/Xcode.app/Contents/Developer/usr/bin/make  -f CMakeFiles/cmTC_c2dc5.dir/build.make CMakeFiles/cmTC_c2dc5.dir/build
Building C object CMakeFiles/cmTC_c2dc5.dir/src.c.o
/Applications/Xcode.app/Contents/Developer/Toolchains/XcodeDefault.xctoolchain/usr/bin/cc   -fsigned-char -W -Wall -Werror=return-type -Werror=non-virtual-dtor -Werror=address -Werror=sequence-point -Wformat -Werror=format-security   -Wstrict-prototypes  -Winit-self -Wpointer-arith  -Wsign-promo -Wuninitialized -Winit-self -Wno-narrowing -Wno-delete-non-virtual-dtor -Wno-unnamed-type-template-args -Wno-comment -Wno-implicit-fallthrough -fdiagnostics-show-option -Qunused-arguments -Wno-semicolon-before-method-body -fno-omit-frame-pointer -ffunction-sections  -fvisibility=hidden -fvisibility-inlines-hidden -Wno-unused-but-set-variable -Wno-missing-prototypes -Wno-missing-declarations -Wno-undef -Wno-unused -Wno-sign-compare -Wno-cast-align -Wno-shadow  -O3 -DNDEBUG -arch arm64 -isysroot /Applications/Xcode.app/Contents/Developer/Platforms/MacOSX.platform/Developer/SDKs/MacOSX12.3.sdk    -Wno-maybe-uninitialized -MD -MT CMakeFiles/cmTC_c2dc5.dir/src.c.o -MF CMakeFiles/cmTC_c2dc5.dir/src.c.o.d -o CMakeFiles/cmTC_c2dc5.dir/src.c.o -c /Users/gabrielclark/Documents/projects/SLAM-Research/ORB_SLAM2-master/cmake_modules/opencv-build/CMakeFiles/CMakeTmp/src.c
warning: unknown warning option '-Wno-maybe-uninitialized'; did you mean '-Wno-uninitialized'? [-Wunknown-warning-option]
/Users/gabrielclark/Documents/projects/SLAM-Research/ORB_SLAM2-master/cmake_modules/opencv-build/CMakeFiles/CMakeTmp/src.c:1:8: warning: unknown pragma ignored [-Wunknown-pragmas]
#pragma
       ^
2 warnings generated.
Linking C executable cmTC_c2dc5
/Applications/CMake.app/Contents/bin/cmake -E cmake_link_script CMakeFiles/cmTC_c2dc5.dir/link.txt --verbose=1
/Applications/Xcode.app/Contents/Developer/Toolchains/XcodeDefault.xctoolchain/usr/bin/cc    -fsigned-char -W -Wall -Werror=return-type -Werror=non-virtual-dtor -Werror=address -Werror=sequence-point -Wformat -Werror=format-security   -Wstrict-prototypes  -Winit-self -Wpointer-arith  -Wsign-promo -Wuninitialized -Winit-self -Wno-narrowing -Wno-delete-non-virtual-dtor -Wno-unnamed-type-template-args -Wno-comment -Wno-implicit-fallthrough -fdiagnostics-show-option -Qunused-arguments -Wno-semicolon-before-method-body -fno-omit-frame-pointer -ffunction-sections  -fvisibility=hidden -fvisibility-inlines-hidden -Wno-unused-but-set-variable -Wno-missing-prototypes -Wno-missing-declarations -Wno-undef -Wno-unused -Wno-sign-compare -Wno-cast-align -Wno-shadow  -O3 -DNDEBUG -arch arm64 -isysroot /Applications/Xcode.app/Contents/Developer/Platforms/MacOSX.platform/Developer/SDKs/MacOSX12.3.sdk -Wl,-search_paths_first -Wl,-headerpad_max_install_names CMakeFiles/cmTC_c2dc5.dir/src.c.o -o cmTC_c2dc5 


===== END =====

Determining if the include file linux/videodev.h exists failed with the following output:
Change Dir: /Users/gabrielclark/Documents/projects/SLAM-Research/ORB_SLAM2-master/cmake_modules/opencv-build/CMakeFiles/CMakeTmp

Run Build Command(s):/usr/bin/make -f Makefile cmTC_f25cb/fast && /Applications/Xcode.app/Contents/Developer/usr/bin/make  -f CMakeFiles/cmTC_f25cb.dir/build.make CMakeFiles/cmTC_f25cb.dir/build
Building C object CMakeFiles/cmTC_f25cb.dir/CheckIncludeFile.c.o
/Applications/Xcode.app/Contents/Developer/Toolchains/XcodeDefault.xctoolchain/usr/bin/cc   -fsigned-char -W -Wall -Werror=return-type -Werror=non-virtual-dtor -Werror=address -Werror=sequence-point -Wformat -Werror=format-security -Wmissing-declarations -Wmissing-prototypes -Wstrict-prototypes -Wundef -Winit-self -Wpointer-arith -Wshadow -Wsign-promo -Wuninitialized -Winit-self -Wno-narrowing -Wno-delete-non-virtual-dtor -Wno-unnamed-type-template-args -Wno-comment -Wno-implicit-fallthrough -fdiagnostics-show-option -Qunused-arguments -Wno-semicolon-before-method-body -fno-omit-frame-pointer -ffunction-sections  -fvisibility=hidden -fvisibility-inlines-hidden  -O3 -DNDEBUG -arch arm64 -isysroot /Applications/Xcode.app/Contents/Developer/Platforms/MacOSX.platform/Developer/SDKs/MacOSX12.3.sdk -MD -MT CMakeFiles/cmTC_f25cb.dir/CheckIncludeFile.c.o -MF CMakeFiles/cmTC_f25cb.dir/CheckIncludeFile.c.o.d -o CMakeFiles/cmTC_f25cb.dir/CheckIncludeFile.c.o -c /Users/gabrielclark/Documents/projects/SLAM-Research/ORB_SLAM2-master/cmake_modules/opencv-build/CMakeFiles/CMakeTmp/CheckIncludeFile.c
/Users/gabrielclark/Documents/projects/SLAM-Research/ORB_SLAM2-master/cmake_modules/opencv-build/CMakeFiles/CMakeTmp/CheckIncludeFile.c:1:10: fatal error: 'linux/videodev.h' file not found
#include <linux/videodev.h>
         ^~~~~~~~~~~~~~~~~~
1 error generated.
make[1]: *** [CMakeFiles/cmTC_f25cb.dir/CheckIncludeFile.c.o] Error 1
make: *** [cmTC_f25cb/fast] Error 2



Determining if the include file linux/videodev2.h exists failed with the following output:
Change Dir: /Users/gabrielclark/Documents/projects/SLAM-Research/ORB_SLAM2-master/cmake_modules/opencv-build/CMakeFiles/CMakeTmp

Run Build Command(s):/usr/bin/make -f Makefile cmTC_3a9ca/fast && /Applications/Xcode.app/Contents/Developer/usr/bin/make  -f CMakeFiles/cmTC_3a9ca.dir/build.make CMakeFiles/cmTC_3a9ca.dir/build
Building C object CMakeFiles/cmTC_3a9ca.dir/CheckIncludeFile.c.o
/Applications/Xcode.app/Contents/Developer/Toolchains/XcodeDefault.xctoolchain/usr/bin/cc   -fsigned-char -W -Wall -Werror=return-type -Werror=non-virtual-dtor -Werror=address -Werror=sequence-point -Wformat -Werror=format-security -Wmissing-declarations -Wmissing-prototypes -Wstrict-prototypes -Wundef -Winit-self -Wpointer-arith -Wshadow -Wsign-promo -Wuninitialized -Winit-self -Wno-narrowing -Wno-delete-non-virtual-dtor -Wno-unnamed-type-template-args -Wno-comment -Wno-implicit-fallthrough -fdiagnostics-show-option -Qunused-arguments -Wno-semicolon-before-method-body -fno-omit-frame-pointer -ffunction-sections  -fvisibility=hidden -fvisibility-inlines-hidden  -O3 -DNDEBUG -arch arm64 -isysroot /Applications/Xcode.app/Contents/Developer/Platforms/MacOSX.platform/Developer/SDKs/MacOSX12.3.sdk -MD -MT CMakeFiles/cmTC_3a9ca.dir/CheckIncludeFile.c.o -MF CMakeFiles/cmTC_3a9ca.dir/CheckIncludeFile.c.o.d -o CMakeFiles/cmTC_3a9ca.dir/CheckIncludeFile.c.o -c /Users/gabrielclark/Documents/projects/SLAM-Research/ORB_SLAM2-master/cmake_modules/opencv-build/CMakeFiles/CMakeTmp/CheckIncludeFile.c
/Users/gabrielclark/Documents/projects/SLAM-Research/ORB_SLAM2-master/cmake_modules/opencv-build/CMakeFiles/CMakeTmp/CheckIncludeFile.c:1:10: fatal error: 'linux/videodev2.h' file not found
#include <linux/videodev2.h>
         ^~~~~~~~~~~~~~~~~~~
1 error generated.
make[1]: *** [CMakeFiles/cmTC_3a9ca.dir/CheckIncludeFile.c.o] Error 1
make: *** [cmTC_3a9ca/fast] Error 2



Determining if the include file sys/videoio.h exists failed with the following output:
Change Dir: /Users/gabrielclark/Documents/projects/SLAM-Research/ORB_SLAM2-master/cmake_modules/opencv-build/CMakeFiles/CMakeTmp

Run Build Command(s):/usr/bin/make -f Makefile cmTC_c3323/fast && /Applications/Xcode.app/Contents/Developer/usr/bin/make  -f CMakeFiles/cmTC_c3323.dir/build.make CMakeFiles/cmTC_c3323.dir/build
Building C object CMakeFiles/cmTC_c3323.dir/CheckIncludeFile.c.o
/Applications/Xcode.app/Contents/Developer/Toolchains/XcodeDefault.xctoolchain/usr/bin/cc   -fsigned-char -W -Wall -Werror=return-type -Werror=non-virtual-dtor -Werror=address -Werror=sequence-point -Wformat -Werror=format-security -Wmissing-declarations -Wmissing-prototypes -Wstrict-prototypes -Wundef -Winit-self -Wpointer-arith -Wshadow -Wsign-promo -Wuninitialized -Winit-self -Wno-narrowing -Wno-delete-non-virtual-dtor -Wno-unnamed-type-template-args -Wno-comment -Wno-implicit-fallthrough -fdiagnostics-show-option -Qunused-arguments -Wno-semicolon-before-method-body -fno-omit-frame-pointer -ffunction-sections  -fvisibility=hidden -fvisibility-inlines-hidden  -O3 -DNDEBUG -arch arm64 -isysroot /Applications/Xcode.app/Contents/Developer/Platforms/MacOSX.platform/Developer/SDKs/MacOSX12.3.sdk -MD -MT CMakeFiles/cmTC_c3323.dir/CheckIncludeFile.c.o -MF CMakeFiles/cmTC_c3323.dir/CheckIncludeFile.c.o.d -o CMakeFiles/cmTC_c3323.dir/CheckIncludeFile.c.o -c /Users/gabrielclark/Documents/projects/SLAM-Research/ORB_SLAM2-master/cmake_modules/opencv-build/CMakeFiles/CMakeTmp/CheckIncludeFile.c
/Users/gabrielclark/Documents/projects/SLAM-Research/ORB_SLAM2-master/cmake_modules/opencv-build/CMakeFiles/CMakeTmp/CheckIncludeFile.c:1:10: fatal error: 'sys/videoio.h' file not found
#include <sys/videoio.h>
         ^~~~~~~~~~~~~~~
1 error generated.
make[1]: *** [CMakeFiles/cmTC_c3323.dir/CheckIncludeFile.c.o] Error 1
make: *** [cmTC_c3323/fast] Error 2



Determining if the function sgemm_ exists failed with the following output:
Change Dir: /Users/gabrielclark/Documents/projects/SLAM-Research/ORB_SLAM2-master/cmake_modules/opencv-build/CMakeFiles/CMakeTmp

Run Build Command(s):/usr/bin/make -f Makefile cmTC_b9463/fast && /Applications/Xcode.app/Contents/Developer/usr/bin/make  -f CMakeFiles/cmTC_b9463.dir/build.make CMakeFiles/cmTC_b9463.dir/build
Building C object CMakeFiles/cmTC_b9463.dir/CheckFunctionExists.c.o
/Applications/Xcode.app/Contents/Developer/Toolchains/XcodeDefault.xctoolchain/usr/bin/cc   -fsigned-char -W -Wall -Werror=return-type -Werror=non-virtual-dtor -Werror=address -Werror=sequence-point -Wformat -Werror=format-security -Wmissing-declarations -Wmissing-prototypes -Wstrict-prototypes -Wundef -Winit-self -Wpointer-arith -Wshadow -Wsign-promo -Wuninitialized -Winit-self -Wno-narrowing -Wno-delete-non-virtual-dtor -Wno-unnamed-type-template-args -Wno-comment -Wno-implicit-fallthrough -fdiagnostics-show-option -Qunused-arguments -Wno-semicolon-before-method-body -fno-omit-frame-pointer -ffunction-sections  -fvisibility=hidden -fvisibility-inlines-hidden -DCHECK_FUNCTION_EXISTS=sgemm_ -O3 -DNDEBUG -arch arm64 -isysroot /Applications/Xcode.app/Contents/Developer/Platforms/MacOSX.platform/Developer/SDKs/MacOSX12.3.sdk -MD -MT CMakeFiles/cmTC_b9463.dir/CheckFunctionExists.c.o -MF CMakeFiles/cmTC_b9463.dir/CheckFunctionExists.c.o.d -o CMakeFiles/cmTC_b9463.dir/CheckFunctionExists.c.o -c /Applications/CMake.app/Contents/share/cmake-3.23/Modules/CheckFunctionExists.c
Linking C executable cmTC_b9463
/Applications/CMake.app/Contents/bin/cmake -E cmake_link_script CMakeFiles/cmTC_b9463.dir/link.txt --verbose=1
/Applications/Xcode.app/Contents/Developer/Toolchains/XcodeDefault.xctoolchain/usr/bin/cc    -fsigned-char -W -Wall -Werror=return-type -Werror=non-virtual-dtor -Werror=address -Werror=sequence-point -Wformat -Werror=format-security -Wmissing-declarations -Wmissing-prototypes -Wstrict-prototypes -Wundef -Winit-self -Wpointer-arith -Wshadow -Wsign-promo -Wuninitialized -Winit-self -Wno-narrowing -Wno-delete-non-virtual-dtor -Wno-unnamed-type-template-args -Wno-comment -Wno-implicit-fallthrough -fdiagnostics-show-option -Qunused-arguments -Wno-semicolon-before-method-body -fno-omit-frame-pointer -ffunction-sections  -fvisibility=hidden -fvisibility-inlines-hidden -DCHECK_FUNCTION_EXISTS=sgemm_ -O3 -DNDEBUG -arch arm64 -isysroot /Applications/Xcode.app/Contents/Developer/Platforms/MacOSX.platform/Developer/SDKs/MacOSX12.3.sdk -Wl,-search_paths_first -Wl,-headerpad_max_install_names CMakeFiles/cmTC_b9463.dir/CheckFunctionExists.c.o -o cmTC_b9463 
Undefined symbols for architecture arm64:
  "_sgemm_", referenced from:
      _main in CheckFunctionExists.c.o
ld: symbol(s) not found for architecture arm64
clang: error: linker command failed with exit code 1 (use -v to see invocation)
make[1]: *** [cmTC_b9463] Error 1
make: *** [cmTC_b9463/fast] Error 2



Build output check failed:
    Regex: 'unknown .*option'
    Output line: 'warning: unknown warning option '-Wno-maybe-uninitialized', did you mean '-Wno-uninitialized'? [-Wunknown-warning-option]'
Compilation failed:
    source file: '/Users/gabrielclark/Documents/projects/SLAM-Research/ORB_SLAM2-master/cmake_modules/opencv-build/CMakeFiles/CMakeTmp/src.cxx'
    check option: ' -Wno-maybe-uninitialized'
===== BUILD LOG =====
Change Dir: /Users/gabrielclark/Documents/projects/SLAM-Research/ORB_SLAM2-master/cmake_modules/opencv-build/CMakeFiles/CMakeTmp

Run Build Command(s):/usr/bin/make -f Makefile cmTC_92dca/fast && /Applications/Xcode.app/Contents/Developer/usr/bin/make  -f CMakeFiles/cmTC_92dca.dir/build.make CMakeFiles/cmTC_92dca.dir/build
Building CXX object CMakeFiles/cmTC_92dca.dir/src.cxx.o
/Applications/Xcode.app/Contents/Developer/Toolchains/XcodeDefault.xctoolchain/usr/bin/c++   -fsigned-char -W -Wall -Werror=return-type -Werror=non-virtual-dtor -Werror=address -Werror=sequence-point -Wformat -Werror=format-security -Wmissing-declarations -Wmissing-prototypes -Wstrict-prototypes -Wundef -Winit-self -Wpointer-arith -Wshadow -Wsign-promo -Wuninitialized -Winit-self -Wno-narrowing -Wno-delete-non-virtual-dtor -Wno-unnamed-type-template-args -Wno-comment -Wno-implicit-fallthrough -fdiagnostics-show-option -Qunused-arguments -Wno-semicolon-before-method-body -fno-omit-frame-pointer -ffunction-sections  -fvisibility=hidden -fvisibility-inlines-hidden -Wno-shadow -Wno-parentheses  -O3 -DNDEBUG -arch arm64 -isysroot /Applications/Xcode.app/Contents/Developer/Platforms/MacOSX.platform/Developer/SDKs/MacOSX12.3.sdk    -Wno-maybe-uninitialized -MD -MT CMakeFiles/cmTC_92dca.dir/src.cxx.o -MF CMakeFiles/cmTC_92dca.dir/src.cxx.o.d -o CMakeFiles/cmTC_92dca.dir/src.cxx.o -c /Users/gabrielclark/Documents/projects/SLAM-Research/ORB_SLAM2-master/cmake_modules/opencv-build/CMakeFiles/CMakeTmp/src.cxx
warning: unknown warning option '-Wno-maybe-uninitialized'; did you mean '-Wno-uninitialized'? [-Wunknown-warning-option]
/Users/gabrielclark/Documents/projects/SLAM-Research/ORB_SLAM2-master/cmake_modules/opencv-build/CMakeFiles/CMakeTmp/src.cxx:1:8: warning: unknown pragma ignored [-Wunknown-pragmas]
#pragma
       ^
2 warnings generated.
Linking CXX executable cmTC_92dca
/Applications/CMake.app/Contents/bin/cmake -E cmake_link_script CMakeFiles/cmTC_92dca.dir/link.txt --verbose=1
/Applications/Xcode.app/Contents/Developer/Toolchains/XcodeDefault.xctoolchain/usr/bin/c++    -fsigned-char -W -Wall -Werror=return-type -Werror=non-virtual-dtor -Werror=address -Werror=sequence-point -Wformat -Werror=format-security -Wmissing-declarations -Wmissing-prototypes -Wstrict-prototypes -Wundef -Winit-self -Wpointer-arith -Wshadow -Wsign-promo -Wuninitialized -Winit-self -Wno-narrowing -Wno-delete-non-virtual-dtor -Wno-unnamed-type-template-args -Wno-comment -Wno-implicit-fallthrough -fdiagnostics-show-option -Qunused-arguments -Wno-semicolon-before-method-body -fno-omit-frame-pointer -ffunction-sections  -fvisibility=hidden -fvisibility-inlines-hidden -Wno-shadow -Wno-parentheses  -O3 -DNDEBUG -arch arm64 -isysroot /Applications/Xcode.app/Contents/Developer/Platforms/MacOSX.platform/Developer/SDKs/MacOSX12.3.sdk -Wl,-search_paths_first -Wl,-headerpad_max_install_names CMakeFiles/cmTC_92dca.dir/src.cxx.o -o cmTC_92dca 


===== END =====

